(---------------------------------------------------------------------)
(                                                                     )
(    Allegro Netrev Import Logic                                      )
(                                                                     )
(    Drawing          : EX2.brd                                       )
(    Software Version : 17.2S038                                      )
(    Date/Time        : Wed Jul 10 21:28:58 2019                      )
(                                                                     )
(---------------------------------------------------------------------)


------ Directives ------------

Ripup etch:                  No
Ripup delete first segment:  No
Ripup retain bondwire:       No
Ripup symbols:               Always
Missing symbol has error:    No
DRC update:                  Yes
Schematic directory:         'C:\USERS\USER\DESKTOP\EX\EX2_RLC\allegro'
Design Directory:            'C:/USERS/USER/DESKTOP/EX/EX2_RLC/allegro'
Old design name:             'C:/USERS/USER/DESKTOP/EX/EX2_RLC/allegro/EX2.brd'
New design name:             'C:/USERS/USER/DESKTOP/EX/EX2_RLC/allegro/EX2.brd'

CmdLine: netrev.exe -y 1 -n -i C:\USERS\USER\DESKTOP\EX\EX2_RLC\allegro C:\USERS\USER\DESKTOP\EX\EX2_RLC\allegro\EX2.brd C:\USERS\USER\DESKTOP\EX\EX2_RLC\allegro\EX2.brd

------ Preparing to read pst files ------

Starting to read C:/USERS/USER/DESKTOP/EX/EX2_RLC/allegro/pstchip.dat 
   Finished reading C:/USERS/USER/DESKTOP/EX/EX2_RLC/allegro/pstchip.dat (00:00:00.02)
Starting to read C:/USERS/USER/DESKTOP/EX/EX2_RLC/allegro/pstxprt.dat 
   Finished reading C:/USERS/USER/DESKTOP/EX/EX2_RLC/allegro/pstxprt.dat (00:00:00.00)
Starting to read C:/USERS/USER/DESKTOP/EX/EX2_RLC/allegro/pstxnet.dat 
   Finished reading C:/USERS/USER/DESKTOP/EX/EX2_RLC/allegro/pstxnet.dat (00:00:00.00)

------ Oversights/Warnings/Errors ------


------ Library Paths ------
MODULEPATH =  . 
           C:/Cadence/SPB_17.2/share/local/pcb/modules 

PSMPATH =  . 
           symbols 
           .. 
           ../symbols 
           C:/Cadence/SPB_17.2/share/local/pcb/symbols 
           C:/Cadence/SPB_17.2/share/pcb/pcb_lib/symbols 
           C:/Cadence/SPB_17.2/share/pcb/allegrolib/symbols 

PADPATH =  . 
           symbols 
           .. 
           ../symbols 
           C:/Cadence/SPB_17.2/share/local/pcb/padstacks 
           C:/Cadence/SPB_17.2/share/pcb/pcb_lib/symbols 
           C:/Cadence/SPB_17.2/share/pcb/allegrolib/symbols 


------ Summary Statistics ------


netrev run on Jul 10 21:28:58 2019
   DESIGN NAME : 'EX2'
   PACKAGING ON Apr 15 2018 17:30:46

   COMPILE 'logic'
   CHECK_PIN_NAMES OFF
   CROSS_REFERENCE OFF
   FEEDBACK OFF
   INCREMENTAL OFF
   INTERFACE_TYPE PHYSICAL
   MAX_ERRORS 500
   MERGE_MINIMUM 5
   NET_NAME_CHARS '#%&()*+-./:=>?@[]^_`|'
   NET_NAME_LENGTH 24
   OVERSIGHTS ON
   REPLACE_CHECK OFF
   SINGLE_NODE_NETS ON
   SPLIT_MINIMUM 0
   SUPPRESS   20
   WARNINGS ON

 No error detected
 No oversight detected
 No warning detected

cpu time      0:00:22
elapsed time  0:00:00

